<?xml version="1.0" encoding="UTF-8"?>
<testsuite name="com.Universidad.Cursos.CursosApplicationTests" tests="1" skipped="0" failures="0" errors="0" timestamp="2024-07-12T15:11:28" hostname="DESKTOP-B1CH9TQ" time="1.558">
  <properties/>
  <testcase name="contextLoads()" classname="com.Universidad.Cursos.CursosApplicationTests" time="1.558"/>
  <system-out><![CDATA[10:11:01.598 [Test worker] INFO org.springframework.test.context.support.AnnotationConfigContextLoaderUtils -- Could not detect default configuration classes for test class [com.Universidad.Cursos.CursosApplicationTests]: CursosApplicationTests does not declare any static, non-private, non-final, nested classes annotated with @Configuration.
10:11:02.355 [Test worker] INFO org.springframework.boot.test.context.SpringBootTestContextBootstrapper -- Found @SpringBootConfiguration com.Universidad.Cursos.CursosApplication for test class com.Universidad.Cursos.CursosApplicationTests

  .   ____          _            __ _ _
 /\\ / ___'_ __ _ _(_)_ __  __ _ \ \ \ \
( ( )\___ | '_ | '_| | '_ \/ _` | \ \ \ \
 \\/  ___)| |_)| | | | | || (_| |  ) ) ) )
  '  |____| .__|_| |_|_| |_\__, | / / / /
 =========|_|==============|___/=/_/_/_/

 :: Spring Boot ::                (v3.3.1)

2024-07-12T10:11:04.222-05:00  INFO 12424 --- [Cursos] [    Test worker] c.U.Cursos.CursosApplicationTests        : Starting CursosApplicationTests using Java 17.0.11 with PID 12424 (started by Luis Bautista in C:\Users\Luis Bautista\OneDrive\Documentos\Spring Boot\Cursos\Cursos)
2024-07-12T10:11:04.226-05:00  INFO 12424 --- [Cursos] [    Test worker] c.U.Cursos.CursosApplicationTests        : No active profile set, falling back to 1 default profile: "default"
2024-07-12T10:11:08.438-05:00  INFO 12424 --- [Cursos] [    Test worker] .s.d.r.c.RepositoryConfigurationDelegate : Bootstrapping Spring Data JPA repositories in DEFAULT mode.
2024-07-12T10:11:08.683-05:00  INFO 12424 --- [Cursos] [    Test worker] .s.d.r.c.RepositoryConfigurationDelegate : Finished Spring Data repository scanning in 211 ms. Found 4 JPA repository interfaces.
2024-07-12T10:11:11.419-05:00  INFO 12424 --- [Cursos] [    Test worker] o.hibernate.jpa.internal.util.LogHelper  : HHH000204: Processing PersistenceUnitInfo [name: default]
2024-07-12T10:11:11.859-05:00  INFO 12424 --- [Cursos] [    Test worker] org.hibernate.Version                    : HHH000412: Hibernate ORM core version 6.5.2.Final
2024-07-12T10:11:12.012-05:00  INFO 12424 --- [Cursos] [    Test worker] o.h.c.internal.RegionFactoryInitiator    : HHH000026: Second-level cache disabled
2024-07-12T10:11:16.236-05:00  INFO 12424 --- [Cursos] [    Test worker] o.s.o.j.p.SpringPersistenceUnitInfo      : No LoadTimeWeaver setup: ignoring JPA class transformer
2024-07-12T10:11:16.871-05:00  INFO 12424 --- [Cursos] [    Test worker] com.zaxxer.hikari.HikariDataSource       : HikariPool-1 - Starting...
2024-07-12T10:11:18.441-05:00  INFO 12424 --- [Cursos] [    Test worker] com.zaxxer.hikari.pool.HikariPool        : HikariPool-1 - Added connection com.mysql.cj.jdbc.ConnectionImpl@19ac93d2
2024-07-12T10:11:18.451-05:00  INFO 12424 --- [Cursos] [    Test worker] com.zaxxer.hikari.HikariDataSource       : HikariPool-1 - Start completed.
2024-07-12T10:11:18.739-05:00  WARN 12424 --- [Cursos] [    Test worker] org.hibernate.orm.deprecation            : HHH90000025: MySQL8Dialect does not need to be specified explicitly using 'hibernate.dialect' (remove the property setting and it will be selected by default)
2024-07-12T10:11:18.748-05:00  WARN 12424 --- [Cursos] [    Test worker] org.hibernate.orm.deprecation            : HHH90000026: MySQL8Dialect has been deprecated; use org.hibernate.dialect.MySQLDialect instead
2024-07-12T10:11:23.517-05:00  INFO 12424 --- [Cursos] [    Test worker] o.h.e.t.j.p.i.JtaPlatformInitiator       : HHH000489: No JTA platform available (set 'hibernate.transaction.jta.platform' to enable JTA platform integration)
2024-07-12T10:11:23.902-05:00  INFO 12424 --- [Cursos] [    Test worker] j.LocalContainerEntityManagerFactoryBean : Initialized JPA EntityManagerFactory for persistence unit 'default'
2024-07-12T10:11:26.206-05:00  WARN 12424 --- [Cursos] [    Test worker] JpaBaseConfiguration$JpaWebConfiguration : spring.jpa.open-in-view is enabled by default. Therefore, database queries may be performed during view rendering. Explicitly configure spring.jpa.open-in-view to disable this warning
2024-07-12T10:11:28.308-05:00  INFO 12424 --- [Cursos] [    Test worker] c.U.Cursos.CursosApplicationTests        : Started CursosApplicationTests in 25.429 seconds (process running for 31.675)
]]></system-out>
  <system-err><![CDATA[]]></system-err>
</testsuite>
